2014-09-09T19:12:53-07:00 INFO (6): Dashboard index action
2014-09-09T19:31:16-07:00 INFO (6): logout
2014-09-09T19:31:19-07:00 INFO (6): This is a little log!
2014-09-09T19:34:23-07:00 INFO (6): This is a little log!
2014-09-09T19:38:18-07:00 INFO (6): This is a little log!
2014-09-09T20:57:05-07:00 INFO (6): Rest call to /user
2014-09-09T20:57:14-07:00 INFO (6): This is a little log!
2014-09-09T20:57:34-07:00 INFO (6): Rest call to /user
2014-09-09T20:58:23-07:00 INFO (6): This is a little log!
2014-09-09T20:58:40-07:00 INFO (6): 0
2014-09-09T20:58:42-07:00 INFO (6): Dashboard index action
2014-09-09T20:58:47-07:00 INFO (6): Rest call to GET /customer/current
2014-09-09T20:58:52-07:00 INFO (6): Rest call to GET /dashboard
2014-09-09T20:59:40-07:00 INFO (6): Display dashboard create form
2014-09-09T20:59:47-07:00 INFO (6): Rest call to /customer
2014-09-09T21:00:07-07:00 INFO (6): array (
  'role_id' => 1,
  'name' => 'Tom Walpole',
  'title' => 'Title',
  'phoneNumber' => '123',
  'email' => 'tom@tomwalpole.com',
)
2014-09-09T21:05:23-07:00 INFO (6): Display confirm email form
2014-09-09T21:05:40-07:00 INFO (6): Dashboard index action
2014-09-09T21:05:45-07:00 INFO (6): Rest call to GET /customer/current
2014-09-09T21:05:50-07:00 INFO (6): Rest call to GET /dashboard
2014-09-09T21:06:11-07:00 INFO (6): logout
2014-09-09T21:06:15-07:00 INFO (6): This is a little log!
2014-09-09T21:10:53-07:00 INFO (6): array (
  'email' => 'tom@tomwalpole.com',
)
2014-09-09T21:12:44-07:00 INFO (6): array (
  'email' => 'tom@tomwalpole.com',
)
2014-09-09T21:12:46-07:00 INFO (6): exception 'Zend\ServiceManager\Exception\ServiceNotFoundException' with message 'Zend\Mvc\Controller\PluginManager::get was unable to fetch or create an instance for getBaseUrl' in /optimum/cap-website/vendor/zendframework/zendframework/library/Zend/ServiceManager/ServiceManager.php:529
Stack trace:
#0 /optimum/cap-website/vendor/zendframework/zendframework/library/Zend/ServiceManager/AbstractPluginManager.php(103): Zend\ServiceManager\ServiceManager->get('getBaseUrl', true)
#1 /optimum/cap-website/vendor/zendframework/zendframework/library/Zend/Mvc/Controller/PluginManager.php(82): Zend\ServiceManager\AbstractPluginManager->get('getBaseUrl', NULL, true)
#2 /optimum/cap-website/vendor/zendframework/zendframework/library/Zend/Mvc/Controller/AbstractController.php(285): Zend\Mvc\Controller\PluginManager->get('getBaseUrl', NULL)
#3 /optimum/cap-website/vendor/zendframework/zendframework/library/Zend/Mvc/Controller/AbstractController.php(300): Zend\Mvc\Controller\AbstractController->plugin('getBaseUrl')
#4 /optimum/cap-website/module/CAP/src/CAP/Controller/Rest/ResetPasswordController.php(31): Zend\Mvc\Controller\AbstractController->__call('getBaseUrl', Array)
#5 /optimum/cap-website/module/CAP/src/CAP/Controller/Rest/ResetPasswordController.php(31): CAP\Controller\Rest\ResetPasswordController->getBaseUrl()
#6 /optimum/cap-website/vendor/zendframework/zendframework/library/Zend/Mvc/Controller/AbstractRestfulController.php(456): CAP\Controller\Rest\ResetPasswordController->create(Array)
#7 /optimum/cap-website/vendor/zendframework/zendframework/library/Zend/Mvc/Controller/AbstractRestfulController.php(414): Zend\Mvc\Controller\AbstractRestfulController->processPostData(Object(Zend\Http\PhpEnvironment\Request))
#8 [internal function]: Zend\Mvc\Controller\AbstractRestfulController->onDispatch(Object(Zend\Mvc\MvcEvent))
#9 /optimum/cap-website/vendor/zendframework/zendframework/library/Zend/EventManager/EventManager.php(468): call_user_func(Array, Object(Zend\Mvc\MvcEvent))
#10 /optimum/cap-website/vendor/zendframework/zendframework/library/Zend/EventManager/EventManager.php(207): Zend\EventManager\EventManager->triggerListeners('dispatch', Object(Zend\Mvc\MvcEvent), Object(Closure))
#11 /optimum/cap-website/vendor/zendframework/zendframework/library/Zend/Mvc/Controller/AbstractController.php(117): Zend\EventManager\EventManager->trigger('dispatch', Object(Zend\Mvc\MvcEvent), Object(Closure))
#12 /optimum/cap-website/vendor/zendframework/zendframework/library/Zend/Mvc/Controller/AbstractRestfulController.php(300): Zend\Mvc\Controller\AbstractController->dispatch(Object(Zend\Http\PhpEnvironment\Request), Object(Zend\Http\PhpEnvironment\Response))
#13 /optimum/cap-website/vendor/zendframework/zendframework/library/Zend/Mvc/DispatchListener.php(114): Zend\Mvc\Controller\AbstractRestfulController->dispatch(Object(Zend\Http\PhpEnvironment\Request), Object(Zend\Http\PhpEnvironment\Response))
#14 [internal function]: Zend\Mvc\DispatchListener->onDispatch(Object(Zend\Mvc\MvcEvent))
#15 /optimum/cap-website/vendor/zendframework/zendframework/library/Zend/EventManager/EventManager.php(468): call_user_func(Array, Object(Zend\Mvc\MvcEvent))
#16 /optimum/cap-website/vendor/zendframework/zendframework/library/Zend/EventManager/EventManager.php(207): Zend\EventManager\EventManager->triggerListeners('dispatch', Object(Zend\Mvc\MvcEvent), Object(Closure))
#17 /optimum/cap-website/vendor/zendframework/zendframework/library/Zend/Mvc/Application.php(313): Zend\EventManager\EventManager->trigger('dispatch', Object(Zend\Mvc\MvcEvent), Object(Closure))
#18 /optimum/cap-website/public/index.php(17): Zend\Mvc\Application->run()
#19 {main}
2014-09-09T21:17:08-07:00 INFO (6): array (
  'email' => 'tom@tomwalpole.com',
)
2014-09-09T21:19:46-07:00 INFO (6): array (
  'email' => 'tom@tomwalpole.com',
)
2014-09-09T21:23:09-07:00 INFO (6): array (
  'email' => 'tom@tomwalpole.com',
)
2014-09-09T21:23:52-07:00 INFO (6): This is a little log!
2014-09-09T21:24:12-07:00 INFO (6): array (
  'email' => 'tom@tomwalpole.com',
)
2014-09-09T21:25:55-07:00 INFO (6): array (
  'email' => 'tom@tomwalpole.com',
)
2014-09-09T21:26:52-07:00 INFO (6): array (
  'email' => 'tom@tomwalpole.com',
)
2014-09-09T21:27:30-07:00 INFO (6): Display confirm email form
2014-09-09T21:27:45-07:00 INFO (6): Dashboard index action
2014-09-09T21:27:52-07:00 INFO (6): Rest call to GET /customer/current
2014-09-09T21:27:58-07:00 INFO (6): Rest call to GET /dashboard
2014-09-09T21:28:06-07:00 INFO (6): logout
2014-09-09T21:28:10-07:00 INFO (6): This is a little log!
2014-09-09T21:28:35-07:00 INFO (6): 0
2014-09-09T21:28:38-07:00 INFO (6): Dashboard index action
2014-09-09T21:28:45-07:00 INFO (6): Rest call to GET /customer/current
2014-09-09T21:28:52-07:00 INFO (6): Rest call to GET /dashboard
2014-09-09T21:29:02-07:00 INFO (6): logout
2014-09-09T21:29:07-07:00 INFO (6): This is a little log!
2014-09-09T21:29:26-07:00 INFO (6): array (
  'email' => 'tom@tomwalpole.com',
)
2014-09-09T21:30:06-07:00 INFO (6): array (
  'email' => 'tom@tomwalpole.com',
)
2014-09-09T21:31:37-07:00 INFO (6): array (
  'email' => 'tom@tomwalpole.com',
)
2014-09-09T21:32:23-07:00 INFO (6): array (
  'email' => 'tom@tomwalpole.com',
)
2014-09-24T20:56:06+05:30 INFO (6): Dashboard index action
2014-09-24T20:56:07+05:30 INFO (6): Rest call to GET /customer/current
2014-09-24T20:56:07+05:30 INFO (6): Rest call to GET /dashboard
2014-09-24T20:56:10+05:30 INFO (6): Dashboard index action
2014-09-24T20:56:11+05:30 INFO (6): Rest call to GET /customer/current
2014-09-24T20:56:11+05:30 INFO (6): Rest call to GET /dashboard
2014-09-24T20:56:15+05:30 INFO (6): Dashboard index action
2014-09-24T20:56:15+05:30 INFO (6): Rest call to GET /customer/current
2014-09-24T20:56:15+05:30 INFO (6): Rest call to GET /dashboard
2014-09-24T20:56:18+05:30 INFO (6): Dashboard settings action
2014-09-24T20:56:23+05:30 INFO (6): logout
2014-09-24T20:56:23+05:30 INFO (6): This is a little log!
2014-09-24T20:58:39+05:30 INFO (6): This is a little log!
2014-09-24T20:58:41+05:30 INFO (6): 0
2014-09-24T20:58:42+05:30 INFO (6): Dashboard index action
2014-09-24T20:58:42+05:30 INFO (6): Rest call to GET /customer/current
2014-09-24T20:58:42+05:30 INFO (6): Rest call to GET /dashboard
2014-09-24T20:58:48+05:30 INFO (6): Dashboard index action
2014-09-24T20:58:48+05:30 INFO (6): Rest call to GET /customer/current
2014-09-24T20:58:48+05:30 INFO (6): Rest call to GET /dashboard
2014-09-24T20:59:00+05:30 INFO (6): Dashboard index action
2014-09-24T20:59:00+05:30 INFO (6): Rest call to GET /customer/current
2014-09-24T20:59:01+05:30 INFO (6): Rest call to GET /dashboard
2014-09-24T21:29:24+05:30 INFO (6): Dashboard index action
2014-09-24T21:29:24+05:30 INFO (6): Rest call to GET /customer/current
2014-09-24T21:29:24+05:30 INFO (6): Rest call to GET /dashboard
2014-09-24T22:17:29+05:30 INFO (6): This is a little log!
2014-09-24T22:17:35+05:30 INFO (6): array (
  'email' => 'hafsalmetvr@gmail.com',
)
2014-09-24T22:17:57+05:30 INFO (6): Display confirm email form
2014-09-24T22:17:58+05:30 INFO (6): This is a little log!
2014-09-24T22:18:14+05:30 INFO (6): Display confirm email form
2014-09-24T22:18:14+05:30 INFO (6): This is a little log!
2014-09-24T22:18:37+05:30 INFO (6): 0
2014-09-24T22:18:37+05:30 INFO (6): Dashboard index action
2014-09-24T22:18:38+05:30 INFO (6): Rest call to GET /customer/current
2014-09-24T22:18:38+05:30 INFO (6): Rest call to GET /dashboard
2014-09-24T22:36:54+05:30 INFO (6): Dashboard index action
2014-09-24T22:36:55+05:30 INFO (6): Rest call to GET /customer/current
2014-09-24T22:36:55+05:30 INFO (6): Rest call to GET /dashboard
2014-09-25T20:29:03+05:30 INFO (6): This is a little log!
2014-09-25T20:29:06+05:30 INFO (6): 0
2014-09-25T20:29:06+05:30 INFO (6): Dashboard index action
2014-09-25T20:29:10+05:30 INFO (6): Dashboard index action
2014-09-25T20:40:51+05:30 INFO (6): Dashboard index action
2014-09-25T20:40:52+05:30 INFO (6): Dashboard index action
2014-09-25T20:43:04+05:30 INFO (6): Dashboard index action
2014-09-25T20:43:05+05:30 INFO (6): Rest call to GET /customer/current
2014-09-25T20:43:05+05:30 INFO (6): Rest call to GET /dashboard
2014-09-25T20:43:13+05:30 INFO (6): Rest call to PUT /customer/1
2014-09-25T20:43:13+05:30 INFO (6): array (
  'status' => 'INACTIVE',
)
2014-09-25T20:43:19+05:30 INFO (6): Dashboard index action
2014-09-25T20:43:19+05:30 INFO (6): Rest call to GET /customer/current
2014-09-25T20:43:20+05:30 INFO (6): Rest call to GET /dashboard
2014-09-25T20:43:30+05:30 INFO (6): Dashboard index action
2014-09-25T20:43:30+05:30 INFO (6): Rest call to GET /customer/current
2014-09-25T20:43:30+05:30 INFO (6): Rest call to GET /dashboard
2014-09-25T20:46:38+05:30 INFO (6): Dashboard index action
2014-09-25T20:46:38+05:30 INFO (6): Rest call to GET /customer/current
2014-09-25T20:46:39+05:30 INFO (6): Rest call to GET /dashboard
2014-09-25T20:46:50+05:30 INFO (6): Display dashboard create form
2014-09-25T20:46:50+05:30 INFO (6): Rest call to /customer
2014-09-25T20:46:56+05:30 INFO (6): Dashboard index action
2014-09-25T20:46:57+05:30 INFO (6): Rest call to GET /customer/current
2014-09-25T20:46:57+05:30 INFO (6): Rest call to GET /dashboard
